Removed Pin From Net: NetName=NetP2_2 Pin=P2-2
Removed Pin From Net: NetName=NetP2_6 Pin=P3-1
Removed Pin From Net: NetName=NetP2_5 Pin=P3-2
Removed Pin From Net: NetName=NetP2_4 Pin=P3-3
Removed Pin From Net: NetName=NetP2_3 Pin=P3-4
Removed Pin From Net: NetName=NetP2_2 Pin=R1-2
Removed Member From Class: ClassName=circuit_2 Member=P1
Removed Member From Class: ClassName=circuit_2 Member=P3
Added Component: Designator=P?(HDR2X5)
Add component. Clean all parameters for all variants
Add component (AddParameter): Name = "LatestRevisionDate"; Value = "17-Jul-2002"; VariantName = "[No Variations]"
Add component (AddParameter): Name = "LatestRevisionNote"; Value = "Re-released for DXP Platform."; VariantName = "[No Variations]"
Add component (AddParameter): Name = "Publisher"; Value = "Altium Limited"; VariantName = "[No Variations]"
Added Pin To Net: NetName=NetP2_2 Pin=P2-1
Added Pin To Net: NetName=NetP2_3 Pin=P?-4
Added Pin To Net: NetName=NetP2_4 Pin=P?-6
Added Pin To Net: NetName=NetP2_5 Pin=P?-8
Added Pin To Net: NetName=NetP2_6 Pin=P?-10
Added Pin To Net: NetName=NetP2_2 Pin=R1-1
Change Net Name : Old Net Name=NetP2_2 New Net Name=NetP2_1
Added Pin To Net: NetName=NetP2_2 Pin=P2-2
Added Pin To Net: NetName=NetP2_2 Pin=P?-2
Added Net: Name=NetP2_2
Added Pin To Net: NetName=NetP?_1 Pin=P?-1
Added Pin To Net: NetName=NetP?_1 Pin=R1-2
Added Net: Name=NetP?_1
Added Pin To Net: NetName=NetP?_3 Pin=P?-3
Added Pin To Net: NetName=NetP?_3 Pin=R2-2
Added Net: Name=NetP?_3
Added Pin To Net: NetName=NetP?_5 Pin=P?-5
Added Pin To Net: NetName=NetP?_5 Pin=R3-2
Added Net: Name=NetP?_5
Added Pin To Net: NetName=NetP?_7 Pin=P?-7
Added Pin To Net: NetName=NetP?_7 Pin=R4-2
Added Net: Name=NetP?_7
Added Pin To Net: NetName=NetP?_9 Pin=P?-9
Added Pin To Net: NetName=NetP?_9 Pin=R5-2
Added Net: Name=NetP?_9
Added Member To Class: ClassName=circuit_2 Member=Component P? Header 5X2
